{"/Users/jametevia/rpt/reviews/Client/Tests/mockSuccessAjax.js": {"path":"/Users/jametevia/rpt/reviews/Client/Tests/mockSuccessAjax.js","statementMap":{"0":{"start":{"line":3,"column":24},"end":{"line":25,"column":1}},"1":{"start":{"line":4,"column":19},"end":{"line":4,"column":21}},"2":{"start":{"line":5,"column":8},"end":{"line":16,"column":9}},"3":{"start":{"line":5,"column":21},"end":{"line":5,"column":22}},"4":{"start":{"line":6,"column":27},"end":{"line":6,"column":55}},"5":{"start":{"line":7,"column":25},"end":{"line":7,"column":48}},"6":{"start":{"line":8,"column":10},"end":{"line":8,"column":36}},"7":{"start":{"line":9,"column":10},"end":{"line":9,"column":33}},"8":{"start":{"line":11,"column":10},"end":{"line":15,"column":11}},"9":{"start":{"line":12,"column":12},"end":{"line":12,"column":49}},"10":{"start":{"line":13,"column":17},"end":{"line":15,"column":11}},"11":{"start":{"line":14,"column":12},"end":{"line":14,"column":29}},"12":{"start":{"line":19,"column":8},"end":{"line":23,"column":9}},"13":{"start":{"line":19,"column":21},"end":{"line":19,"column":22}},"14":{"start":{"line":20,"column":10},"end":{"line":22,"column":12}},"15":{"start":{"line":21,"column":12},"end":{"line":21,"column":51}},"16":{"start":{"line":24,"column":8},"end":{"line":24,"column":20}}},"fnMap":{"0":{"name":"(anonymous_0)","decl":{"start":{"line":3,"column":24},"end":{"line":3,"column":25}},"loc":{"start":{"line":3,"column":34},"end":{"line":25,"column":1}},"line":3},"1":{"name":"(anonymous_1)","decl":{"start":{"line":20,"column":20},"end":{"line":20,"column":21}},"loc":{"start":{"line":20,"column":30},"end":{"line":22,"column":11}},"line":20}},"branchMap":{"0":{"loc":{"start":{"line":11,"column":10},"end":{"line":15,"column":11}},"type":"if","locations":[{"start":{"line":11,"column":10},"end":{"line":15,"column":11}},{"start":{"line":11,"column":10},"end":{"line":15,"column":11}}],"line":11},"1":{"loc":{"start":{"line":13,"column":17},"end":{"line":15,"column":11}},"type":"if","locations":[{"start":{"line":13,"column":17},"end":{"line":15,"column":11}},{"start":{"line":13,"column":17},"end":{"line":15,"column":11}}],"line":13}},"s":{"0":5,"1":10,"2":10,"3":10,"4":110,"5":110,"6":110,"7":110,"8":110,"9":110,"10":0,"11":0,"12":10,"13":10,"14":110,"15":2448,"16":10},"f":{"0":10,"1":2448},"b":{"0":[110,0],"1":[0,0]},"_coverageSchema":"1a1c01bbd47fc00a2c39e90264f33305004495a9","hash":"2d9b4dd3f061a041c54e0db0c7bc58da23cd4604"}
,"/Users/jametevia/rpt/reviews/Client/Tests/styleMock.js": {"path":"/Users/jametevia/rpt/reviews/Client/Tests/styleMock.js","statementMap":{"0":{"start":{"line":1,"column":0},"end":{"line":1,"column":20}}},"fnMap":{},"branchMap":{},"s":{"0":1},"f":{},"b":{},"_coverageSchema":"1a1c01bbd47fc00a2c39e90264f33305004495a9","hash":"533b451af457032abe3a769a0cb8309933ad856c"}
,"/Users/jametevia/rpt/reviews/Client/src/Components/App.js": {"path":"/Users/jametevia/rpt/reviews/Client/src/Components/App.js","statementMap":{"0":{"start":{"line":12,"column":4},"end":{"line":12,"column":17}},"1":{"start":{"line":13,"column":4},"end":{"line":13,"column":204}},"2":{"start":{"line":14,"column":4},"end":{"line":14,"column":53}},"3":{"start":{"line":16,"column":4},"end":{"line":16,"column":51}},"4":{"start":{"line":17,"column":4},"end":{"line":17,"column":45}},"5":{"start":{"line":18,"column":4},"end":{"line":18,"column":59}},"6":{"start":{"line":19,"column":4},"end":{"line":19,"column":57}},"7":{"start":{"line":20,"column":4},"end":{"line":20,"column":81}},"8":{"start":{"line":21,"column":4},"end":{"line":21,"column":89}},"9":{"start":{"line":25,"column":21},"end":{"line":25,"column":48}},"10":{"start":{"line":26,"column":4},"end":{"line":32,"column":5}},"11":{"start":{"line":26,"column":17},"end":{"line":26,"column":18}},"12":{"start":{"line":27,"column":6},"end":{"line":31,"column":7}},"13":{"start":{"line":28,"column":8},"end":{"line":28,"column":51}},"14":{"start":{"line":29,"column":8},"end":{"line":29,"column":57}},"15":{"start":{"line":30,"column":8},"end":{"line":30,"column":55}},"16":{"start":{"line":33,"column":4},"end":{"line":33,"column":41}},"17":{"start":{"line":37,"column":4},"end":{"line":37,"column":20}},"18":{"start":{"line":38,"column":21},"end":{"line":38,"column":48}},"19":{"start":{"line":39,"column":4},"end":{"line":45,"column":5}},"20":{"start":{"line":39,"column":17},"end":{"line":39,"column":18}},"21":{"start":{"line":40,"column":6},"end":{"line":44,"column":7}},"22":{"start":{"line":41,"column":8},"end":{"line":41,"column":61}},"23":{"start":{"line":42,"column":8},"end":{"line":42,"column":47}},"24":{"start":{"line":43,"column":8},"end":{"line":43,"column":57}},"25":{"start":{"line":46,"column":4},"end":{"line":46,"column":41}},"26":{"start":{"line":50,"column":4},"end":{"line":50,"column":58}},"27":{"start":{"line":51,"column":4},"end":{"line":51,"column":37}},"28":{"start":{"line":52,"column":4},"end":{"line":58,"column":5}},"29":{"start":{"line":52,"column":17},"end":{"line":52,"column":18}},"30":{"start":{"line":53,"column":6},"end":{"line":57,"column":7}},"31":{"start":{"line":54,"column":8},"end":{"line":54,"column":45}},"32":{"start":{"line":56,"column":8},"end":{"line":56,"column":46}},"33":{"start":{"line":62,"column":4},"end":{"line":62,"column":74}},"34":{"start":{"line":63,"column":4},"end":{"line":63,"column":37}},"35":{"start":{"line":64,"column":4},"end":{"line":70,"column":5}},"36":{"start":{"line":64,"column":17},"end":{"line":64,"column":18}},"37":{"start":{"line":65,"column":6},"end":{"line":69,"column":7}},"38":{"start":{"line":66,"column":8},"end":{"line":66,"column":45}},"39":{"start":{"line":68,"column":8},"end":{"line":68,"column":46}},"40":{"start":{"line":74,"column":22},"end":{"line":74,"column":49}},"41":{"start":{"line":75,"column":4},"end":{"line":75,"column":46}},"42":{"start":{"line":79,"column":4},"end":{"line":79,"column":37}},"43":{"start":{"line":80,"column":4},"end":{"line":88,"column":5}},"44":{"start":{"line":81,"column":20},"end":{"line":81,"column":47}},"45":{"start":{"line":82,"column":6},"end":{"line":86,"column":7}},"46":{"start":{"line":82,"column":19},"end":{"line":82,"column":20}},"47":{"start":{"line":83,"column":8},"end":{"line":85,"column":10}},"48":{"start":{"line":84,"column":10},"end":{"line":84,"column":49}},"49":{"start":{"line":87,"column":6},"end":{"line":87,"column":42}},"50":{"start":{"line":89,"column":5},"end":{"line":97,"column":5}},"51":{"start":{"line":90,"column":20},"end":{"line":90,"column":47}},"52":{"start":{"line":91,"column":6},"end":{"line":95,"column":7}},"53":{"start":{"line":91,"column":19},"end":{"line":91,"column":20}},"54":{"start":{"line":92,"column":8},"end":{"line":94,"column":10}},"55":{"start":{"line":93,"column":10},"end":{"line":93,"column":57}},"56":{"start":{"line":96,"column":6},"end":{"line":96,"column":42}},"57":{"start":{"line":99,"column":4},"end":{"line":109,"column":5}},"58":{"start":{"line":100,"column":20},"end":{"line":100,"column":47}},"59":{"start":{"line":101,"column":6},"end":{"line":107,"column":7}},"60":{"start":{"line":101,"column":19},"end":{"line":101,"column":20}},"61":{"start":{"line":102,"column":8},"end":{"line":106,"column":9}},"62":{"start":{"line":103,"column":10},"end":{"line":103,"column":36}},"63":{"start":{"line":105,"column":10},"end":{"line":105,"column":37}},"64":{"start":{"line":108,"column":6},"end":{"line":108,"column":42}},"65":{"start":{"line":110,"column":5},"end":{"line":121,"column":5}},"66":{"start":{"line":111,"column":20},"end":{"line":111,"column":47}},"67":{"start":{"line":112,"column":6},"end":{"line":118,"column":7}},"68":{"start":{"line":112,"column":19},"end":{"line":112,"column":20}},"69":{"start":{"line":113,"column":8},"end":{"line":117,"column":9}},"70":{"start":{"line":114,"column":10},"end":{"line":114,"column":36}},"71":{"start":{"line":116,"column":10},"end":{"line":116,"column":37}},"72":{"start":{"line":119,"column":6},"end":{"line":119,"column":42}},"73":{"start":{"line":122,"column":5},"end":{"line":133,"column":5}},"74":{"start":{"line":123,"column":20},"end":{"line":123,"column":47}},"75":{"start":{"line":124,"column":6},"end":{"line":130,"column":7}},"76":{"start":{"line":124,"column":19},"end":{"line":124,"column":20}},"77":{"start":{"line":125,"column":8},"end":{"line":129,"column":9}},"78":{"start":{"line":126,"column":10},"end":{"line":126,"column":36}},"79":{"start":{"line":128,"column":10},"end":{"line":128,"column":37}},"80":{"start":{"line":131,"column":6},"end":{"line":131,"column":42}},"81":{"start":{"line":134,"column":5},"end":{"line":145,"column":5}},"82":{"start":{"line":135,"column":20},"end":{"line":135,"column":47}},"83":{"start":{"line":136,"column":6},"end":{"line":142,"column":7}},"84":{"start":{"line":136,"column":19},"end":{"line":136,"column":20}},"85":{"start":{"line":137,"column":8},"end":{"line":141,"column":9}},"86":{"start":{"line":138,"column":10},"end":{"line":138,"column":36}},"87":{"start":{"line":140,"column":10},"end":{"line":140,"column":37}},"88":{"start":{"line":143,"column":6},"end":{"line":143,"column":42}},"89":{"start":{"line":146,"column":5},"end":{"line":157,"column":5}},"90":{"start":{"line":147,"column":20},"end":{"line":147,"column":47}},"91":{"start":{"line":148,"column":6},"end":{"line":154,"column":7}},"92":{"start":{"line":148,"column":19},"end":{"line":148,"column":20}},"93":{"start":{"line":149,"column":8},"end":{"line":153,"column":9}},"94":{"start":{"line":150,"column":10},"end":{"line":150,"column":36}},"95":{"start":{"line":152,"column":10},"end":{"line":152,"column":37}},"96":{"start":{"line":155,"column":6},"end":{"line":155,"column":42}},"97":{"start":{"line":158,"column":5},"end":{"line":164,"column":5}},"98":{"start":{"line":159,"column":20},"end":{"line":159,"column":47}},"99":{"start":{"line":160,"column":6},"end":{"line":162,"column":7}},"100":{"start":{"line":160,"column":19},"end":{"line":160,"column":20}},"101":{"start":{"line":161,"column":8},"end":{"line":161,"column":34}},"102":{"start":{"line":163,"column":6},"end":{"line":163,"column":42}},"103":{"start":{"line":168,"column":4},"end":{"line":198,"column":6}},"104":{"start":{"line":173,"column":25},"end":{"line":173,"column":27}},"105":{"start":{"line":174,"column":8},"end":{"line":185,"column":9}},"106":{"start":{"line":174,"column":21},"end":{"line":174,"column":22}},"107":{"start":{"line":175,"column":27},"end":{"line":175,"column":55}},"108":{"start":{"line":176,"column":25},"end":{"line":176,"column":48}},"109":{"start":{"line":177,"column":10},"end":{"line":177,"column":36}},"110":{"start":{"line":178,"column":10},"end":{"line":178,"column":33}},"111":{"start":{"line":180,"column":10},"end":{"line":184,"column":11}},"112":{"start":{"line":181,"column":12},"end":{"line":181,"column":49}},"113":{"start":{"line":182,"column":17},"end":{"line":184,"column":11}},"114":{"start":{"line":183,"column":12},"end":{"line":183,"column":29}},"115":{"start":{"line":188,"column":8},"end":{"line":192,"column":9}},"116":{"start":{"line":188,"column":21},"end":{"line":188,"column":22}},"117":{"start":{"line":189,"column":10},"end":{"line":191,"column":12}},"118":{"start":{"line":190,"column":12},"end":{"line":190,"column":51}},"119":{"start":{"line":193,"column":8},"end":{"line":193,"column":39}},"120":{"start":{"line":196,"column":8},"end":{"line":196,"column":36}},"121":{"start":{"line":203,"column":4},"end":{"line":203,"column":24}},"122":{"start":{"line":206,"column":4},"end":{"line":220,"column":6}},"123":{"start":{"line":216,"column":53},"end":{"line":216,"column":68}}},"fnMap":{"0":{"name":"(anonymous_0)","decl":{"start":{"line":11,"column":2},"end":{"line":11,"column":3}},"loc":{"start":{"line":11,"column":21},"end":{"line":22,"column":3}},"line":11},"1":{"name":"(anonymous_1)","decl":{"start":{"line":24,"column":2},"end":{"line":24,"column":3}},"loc":{"start":{"line":24,"column":33},"end":{"line":34,"column":3}},"line":24},"2":{"name":"(anonymous_2)","decl":{"start":{"line":36,"column":2},"end":{"line":36,"column":3}},"loc":{"start":{"line":36,"column":37},"end":{"line":47,"column":3}},"line":36},"3":{"name":"(anonymous_3)","decl":{"start":{"line":49,"column":2},"end":{"line":49,"column":3}},"loc":{"start":{"line":49,"column":21},"end":{"line":59,"column":3}},"line":49},"4":{"name":"(anonymous_4)","decl":{"start":{"line":61,"column":2},"end":{"line":61,"column":3}},"loc":{"start":{"line":61,"column":20},"end":{"line":71,"column":3}},"line":61},"5":{"name":"(anonymous_5)","decl":{"start":{"line":73,"column":2},"end":{"line":73,"column":3}},"loc":{"start":{"line":73,"column":14},"end":{"line":76,"column":3}},"line":73},"6":{"name":"(anonymous_6)","decl":{"start":{"line":78,"column":2},"end":{"line":78,"column":3}},"loc":{"start":{"line":78,"column":18},"end":{"line":165,"column":3}},"line":78},"7":{"name":"(anonymous_7)","decl":{"start":{"line":83,"column":21},"end":{"line":83,"column":22}},"loc":{"start":{"line":83,"column":31},"end":{"line":85,"column":9}},"line":83},"8":{"name":"(anonymous_8)","decl":{"start":{"line":92,"column":21},"end":{"line":92,"column":22}},"loc":{"start":{"line":92,"column":31},"end":{"line":94,"column":9}},"line":92},"9":{"name":"(anonymous_9)","decl":{"start":{"line":167,"column":2},"end":{"line":167,"column":3}},"loc":{"start":{"line":167,"column":18},"end":{"line":199,"column":3}},"line":167},"10":{"name":"(anonymous_10)","decl":{"start":{"line":172,"column":15},"end":{"line":172,"column":16}},"loc":{"start":{"line":172,"column":25},"end":{"line":194,"column":7}},"line":172},"11":{"name":"(anonymous_11)","decl":{"start":{"line":189,"column":20},"end":{"line":189,"column":21}},"loc":{"start":{"line":189,"column":30},"end":{"line":191,"column":11}},"line":189},"12":{"name":"(anonymous_12)","decl":{"start":{"line":195,"column":13},"end":{"line":195,"column":14}},"loc":{"start":{"line":195,"column":24},"end":{"line":197,"column":7}},"line":195},"13":{"name":"(anonymous_13)","decl":{"start":{"line":202,"column":2},"end":{"line":202,"column":3}},"loc":{"start":{"line":202,"column":22},"end":{"line":204,"column":3}},"line":202},"14":{"name":"(anonymous_14)","decl":{"start":{"line":205,"column":2},"end":{"line":205,"column":3}},"loc":{"start":{"line":205,"column":11},"end":{"line":221,"column":3}},"line":205},"15":{"name":"(anonymous_15)","decl":{"start":{"line":216,"column":47},"end":{"line":216,"column":48}},"loc":{"start":{"line":216,"column":53},"end":{"line":216,"column":68}},"line":216}},"branchMap":{"0":{"loc":{"start":{"line":27,"column":6},"end":{"line":31,"column":7}},"type":"if","locations":[{"start":{"line":27,"column":6},"end":{"line":31,"column":7}},{"start":{"line":27,"column":6},"end":{"line":31,"column":7}}],"line":27},"1":{"loc":{"start":{"line":40,"column":6},"end":{"line":44,"column":7}},"type":"if","locations":[{"start":{"line":40,"column":6},"end":{"line":44,"column":7}},{"start":{"line":40,"column":6},"end":{"line":44,"column":7}}],"line":40},"2":{"loc":{"start":{"line":53,"column":6},"end":{"line":57,"column":7}},"type":"if","locations":[{"start":{"line":53,"column":6},"end":{"line":57,"column":7}},{"start":{"line":53,"column":6},"end":{"line":57,"column":7}}],"line":53},"3":{"loc":{"start":{"line":65,"column":6},"end":{"line":69,"column":7}},"type":"if","locations":[{"start":{"line":65,"column":6},"end":{"line":69,"column":7}},{"start":{"line":65,"column":6},"end":{"line":69,"column":7}}],"line":65},"4":{"loc":{"start":{"line":80,"column":4},"end":{"line":88,"column":5}},"type":"if","locations":[{"start":{"line":80,"column":4},"end":{"line":88,"column":5}},{"start":{"line":80,"column":4},"end":{"line":88,"column":5}}],"line":80},"5":{"loc":{"start":{"line":89,"column":5},"end":{"line":97,"column":5}},"type":"if","locations":[{"start":{"line":89,"column":5},"end":{"line":97,"column":5}},{"start":{"line":89,"column":5},"end":{"line":97,"column":5}}],"line":89},"6":{"loc":{"start":{"line":99,"column":4},"end":{"line":109,"column":5}},"type":"if","locations":[{"start":{"line":99,"column":4},"end":{"line":109,"column":5}},{"start":{"line":99,"column":4},"end":{"line":109,"column":5}}],"line":99},"7":{"loc":{"start":{"line":102,"column":8},"end":{"line":106,"column":9}},"type":"if","locations":[{"start":{"line":102,"column":8},"end":{"line":106,"column":9}},{"start":{"line":102,"column":8},"end":{"line":106,"column":9}}],"line":102},"8":{"loc":{"start":{"line":110,"column":5},"end":{"line":121,"column":5}},"type":"if","locations":[{"start":{"line":110,"column":5},"end":{"line":121,"column":5}},{"start":{"line":110,"column":5},"end":{"line":121,"column":5}}],"line":110},"9":{"loc":{"start":{"line":113,"column":8},"end":{"line":117,"column":9}},"type":"if","locations":[{"start":{"line":113,"column":8},"end":{"line":117,"column":9}},{"start":{"line":113,"column":8},"end":{"line":117,"column":9}}],"line":113},"10":{"loc":{"start":{"line":122,"column":5},"end":{"line":133,"column":5}},"type":"if","locations":[{"start":{"line":122,"column":5},"end":{"line":133,"column":5}},{"start":{"line":122,"column":5},"end":{"line":133,"column":5}}],"line":122},"11":{"loc":{"start":{"line":125,"column":8},"end":{"line":129,"column":9}},"type":"if","locations":[{"start":{"line":125,"column":8},"end":{"line":129,"column":9}},{"start":{"line":125,"column":8},"end":{"line":129,"column":9}}],"line":125},"12":{"loc":{"start":{"line":134,"column":5},"end":{"line":145,"column":5}},"type":"if","locations":[{"start":{"line":134,"column":5},"end":{"line":145,"column":5}},{"start":{"line":134,"column":5},"end":{"line":145,"column":5}}],"line":134},"13":{"loc":{"start":{"line":137,"column":8},"end":{"line":141,"column":9}},"type":"if","locations":[{"start":{"line":137,"column":8},"end":{"line":141,"column":9}},{"start":{"line":137,"column":8},"end":{"line":141,"column":9}}],"line":137},"14":{"loc":{"start":{"line":146,"column":5},"end":{"line":157,"column":5}},"type":"if","locations":[{"start":{"line":146,"column":5},"end":{"line":157,"column":5}},{"start":{"line":146,"column":5},"end":{"line":157,"column":5}}],"line":146},"15":{"loc":{"start":{"line":149,"column":8},"end":{"line":153,"column":9}},"type":"if","locations":[{"start":{"line":149,"column":8},"end":{"line":153,"column":9}},{"start":{"line":149,"column":8},"end":{"line":153,"column":9}}],"line":149},"16":{"loc":{"start":{"line":158,"column":5},"end":{"line":164,"column":5}},"type":"if","locations":[{"start":{"line":158,"column":5},"end":{"line":164,"column":5}},{"start":{"line":158,"column":5},"end":{"line":164,"column":5}}],"line":158},"17":{"loc":{"start":{"line":180,"column":10},"end":{"line":184,"column":11}},"type":"if","locations":[{"start":{"line":180,"column":10},"end":{"line":184,"column":11}},{"start":{"line":180,"column":10},"end":{"line":184,"column":11}}],"line":180},"18":{"loc":{"start":{"line":182,"column":17},"end":{"line":184,"column":11}},"type":"if","locations":[{"start":{"line":182,"column":17},"end":{"line":184,"column":11}},{"start":{"line":182,"column":17},"end":{"line":184,"column":11}}],"line":182}},"s":{"0":8,"1":8,"2":8,"3":8,"4":8,"5":8,"6":8,"7":8,"8":8,"9":0,"10":0,"11":0,"12":0,"13":0,"14":0,"15":0,"16":0,"17":0,"18":0,"19":0,"20":0,"21":0,"22":0,"23":0,"24":0,"25":0,"26":0,"27":0,"28":0,"29":0,"30":0,"31":0,"32":0,"33":0,"34":0,"35":0,"36":0,"37":0,"38":0,"39":0,"40":0,"41":0,"42":0,"43":0,"44":0,"45":0,"46":0,"47":0,"48":0,"49":0,"50":0,"51":0,"52":0,"53":0,"54":0,"55":0,"56":0,"57":0,"58":0,"59":0,"60":0,"61":0,"62":0,"63":0,"64":0,"65":0,"66":0,"67":0,"68":0,"69":0,"70":0,"71":0,"72":0,"73":0,"74":0,"75":0,"76":0,"77":0,"78":0,"79":0,"80":0,"81":0,"82":0,"83":0,"84":0,"85":0,"86":0,"87":0,"88":0,"89":0,"90":0,"91":0,"92":0,"93":0,"94":0,"95":0,"96":0,"97":0,"98":0,"99":0,"100":0,"101":0,"102":0,"103":0,"104":0,"105":0,"106":0,"107":0,"108":0,"109":0,"110":0,"111":0,"112":0,"113":0,"114":0,"115":0,"116":0,"117":0,"118":0,"119":0,"120":0,"121":8,"122":10,"123":0},"f":{"0":8,"1":0,"2":0,"3":0,"4":0,"5":0,"6":0,"7":0,"8":0,"9":0,"10":0,"11":0,"12":0,"13":8,"14":10,"15":0},"b":{"0":[0,0],"1":[0,0],"2":[0,0],"3":[0,0],"4":[0,0],"5":[0,0],"6":[0,0],"7":[0,0],"8":[0,0],"9":[0,0],"10":[0,0],"11":[0,0],"12":[0,0],"13":[0,0],"14":[0,0],"15":[0,0],"16":[0,0],"17":[0,0],"18":[0,0]},"_coverageSchema":"1a1c01bbd47fc00a2c39e90264f33305004495a9","hash":"8462b564e06cf402d273d49218d63b70c1595964"}
,"/Users/jametevia/rpt/reviews/Client/src/Components/filterBy.js": {"path":"/Users/jametevia/rpt/reviews/Client/src/Components/filterBy.js","statementMap":{"0":{"start":{"line":3,"column":17},"end":{"line":19,"column":1}},"1":{"start":{"line":6,"column":2},"end":{"line":18,"column":3}},"2":{"start":{"line":9,"column":62},"end":{"line":9,"column":82}}},"fnMap":{"0":{"name":"(anonymous_0)","decl":{"start":{"line":3,"column":17},"end":{"line":3,"column":18}},"loc":{"start":{"line":3,"column":28},"end":{"line":19,"column":1}},"line":3},"1":{"name":"(anonymous_1)","decl":{"start":{"line":9,"column":54},"end":{"line":9,"column":55}},"loc":{"start":{"line":9,"column":61},"end":{"line":9,"column":83}},"line":9}},"branchMap":{},"s":{"0":2,"1":9,"2":1},"f":{"0":9,"1":1},"b":{},"_coverageSchema":"1a1c01bbd47fc00a2c39e90264f33305004495a9","hash":"fdf57ebb06ac194a3c91f65972f80278cf0ef6d4"}
,"/Users/jametevia/rpt/reviews/Client/src/Components/nav.js": {"path":"/Users/jametevia/rpt/reviews/Client/src/Components/nav.js","statementMap":{"0":{"start":{"line":3,"column":12},"end":{"line":16,"column":1}},"1":{"start":{"line":5,"column":2},"end":{"line":15,"column":3}},"2":{"start":{"line":9,"column":59},"end":{"line":9,"column":81}},"3":{"start":{"line":10,"column":60},"end":{"line":10,"column":83}}},"fnMap":{"0":{"name":"(anonymous_0)","decl":{"start":{"line":3,"column":12},"end":{"line":3,"column":13}},"loc":{"start":{"line":3,"column":23},"end":{"line":16,"column":1}},"line":3},"1":{"name":"(anonymous_1)","decl":{"start":{"line":9,"column":52},"end":{"line":9,"column":53}},"loc":{"start":{"line":9,"column":58},"end":{"line":9,"column":82}},"line":9},"2":{"name":"(anonymous_2)","decl":{"start":{"line":10,"column":53},"end":{"line":10,"column":54}},"loc":{"start":{"line":10,"column":59},"end":{"line":10,"column":84}},"line":10}},"branchMap":{},"s":{"0":1,"1":6,"2":0,"3":0},"f":{"0":6,"1":0,"2":0},"b":{},"_coverageSchema":"1a1c01bbd47fc00a2c39e90264f33305004495a9","hash":"8fbc7458069d9003321ee08f5ea7ca0d45dbac68"}
,"/Users/jametevia/rpt/reviews/Client/src/Components/phoneUserInfo.js": {"path":"/Users/jametevia/rpt/reviews/Client/src/Components/phoneUserInfo.js","statementMap":{"0":{"start":{"line":4,"column":22},"end":{"line":17,"column":1}},"1":{"start":{"line":5,"column":15},"end":{"line":5,"column":49}},"2":{"start":{"line":6,"column":16},"end":{"line":6,"column":33}},"3":{"start":{"line":7,"column":21},"end":{"line":7,"column":41}},"4":{"start":{"line":8,"column":20},"end":{"line":8,"column":41}},"5":{"start":{"line":9,"column":21},"end":{"line":9,"column":75}},"6":{"start":{"line":10,"column":2},"end":{"line":16,"column":3}}},"fnMap":{"0":{"name":"(anonymous_0)","decl":{"start":{"line":4,"column":22},"end":{"line":4,"column":23}},"loc":{"start":{"line":4,"column":33},"end":{"line":17,"column":1}},"line":4}},"branchMap":{},"s":{"0":2,"1":10,"2":10,"3":10,"4":10,"5":10,"6":10},"f":{"0":10},"b":{},"_coverageSchema":"1a1c01bbd47fc00a2c39e90264f33305004495a9","hash":"74bece3d0d09eab41eb7b564b5cc569ddb77d0b0"}
,"/Users/jametevia/rpt/reviews/Client/src/Components/reviewBody.js": {"path":"/Users/jametevia/rpt/reviews/Client/src/Components/reviewBody.js","statementMap":{"0":{"start":{"line":8,"column":16},"end":{"line":8,"column":18}},"1":{"start":{"line":9,"column":2},"end":{"line":14,"column":3}},"2":{"start":{"line":9,"column":15},"end":{"line":9,"column":16}},"3":{"start":{"line":10,"column":23},"end":{"line":10,"column":39}},"4":{"start":{"line":11,"column":4},"end":{"line":13,"column":5}},"5":{"start":{"line":12,"column":6},"end":{"line":12,"column":33}},"6":{"start":{"line":15,"column":2},"end":{"line":15,"column":48}},"7":{"start":{"line":16,"column":22},"end":{"line":38,"column":1}},"8":{"start":{"line":17,"column":2},"end":{"line":37,"column":10}},"9":{"start":{"line":30,"column":92},"end":{"line":30,"column":125}},"10":{"start":{"line":31,"column":88},"end":{"line":31,"column":119}},"11":{"start":{"line":39,"column":2},"end":{"line":41,"column":4}}},"fnMap":{"0":{"name":"reviewBody","decl":{"start":{"line":7,"column":9},"end":{"line":7,"column":19}},"loc":{"start":{"line":7,"column":27},"end":{"line":42,"column":1}},"line":7},"1":{"name":"(anonymous_1)","decl":{"start":{"line":16,"column":34},"end":{"line":16,"column":35}},"loc":{"start":{"line":17,"column":2},"end":{"line":37,"column":10}},"line":17},"2":{"name":"(anonymous_2)","decl":{"start":{"line":30,"column":85},"end":{"line":30,"column":86}},"loc":{"start":{"line":30,"column":91},"end":{"line":30,"column":126}},"line":30},"3":{"name":"(anonymous_3)","decl":{"start":{"line":31,"column":81},"end":{"line":31,"column":82}},"loc":{"start":{"line":31,"column":87},"end":{"line":31,"column":120}},"line":31}},"branchMap":{"0":{"loc":{"start":{"line":11,"column":4},"end":{"line":13,"column":5}},"type":"if","locations":[{"start":{"line":11,"column":4},"end":{"line":13,"column":5}},{"start":{"line":11,"column":4},"end":{"line":13,"column":5}}],"line":11},"1":{"loc":{"start":{"line":27,"column":25},"end":{"line":27,"column":72}},"type":"binary-expr","locations":[{"start":{"line":27,"column":25},"end":{"line":27,"column":47}},{"start":{"line":27,"column":51},"end":{"line":27,"column":72}}],"line":27},"2":{"loc":{"start":{"line":30,"column":27},"end":{"line":30,"column":74}},"type":"binary-expr","locations":[{"start":{"line":30,"column":27},"end":{"line":30,"column":49}},{"start":{"line":30,"column":53},"end":{"line":30,"column":74}}],"line":30},"3":{"loc":{"start":{"line":31,"column":27},"end":{"line":31,"column":70}},"type":"binary-expr","locations":[{"start":{"line":31,"column":27},"end":{"line":31,"column":47}},{"start":{"line":31,"column":51},"end":{"line":31,"column":70}}],"line":31}},"s":{"0":11,"1":11,"2":11,"3":35,"4":35,"5":35,"6":11,"7":11,"8":34,"9":1,"10":1,"11":11},"f":{"0":11,"1":34,"2":1,"3":1},"b":{"0":[35,0],"1":[34,34],"2":[34,34],"3":[34,34]},"_coverageSchema":"1a1c01bbd47fc00a2c39e90264f33305004495a9","hash":"71e4e1ba038253355f26e67745e8e2bc67e3f663"}
,"/Users/jametevia/rpt/reviews/Client/src/Components/sortBy.js": {"path":"/Users/jametevia/rpt/reviews/Client/src/Components/sortBy.js","statementMap":{"0":{"start":{"line":3,"column":15},"end":{"line":15,"column":1}},"1":{"start":{"line":6,"column":2},"end":{"line":14,"column":3}},"2":{"start":{"line":9,"column":58},"end":{"line":9,"column":78}}},"fnMap":{"0":{"name":"(anonymous_0)","decl":{"start":{"line":3,"column":15},"end":{"line":3,"column":16}},"loc":{"start":{"line":3,"column":26},"end":{"line":15,"column":1}},"line":3},"1":{"name":"(anonymous_1)","decl":{"start":{"line":9,"column":50},"end":{"line":9,"column":51}},"loc":{"start":{"line":9,"column":57},"end":{"line":9,"column":79}},"line":9}},"branchMap":{},"s":{"0":1,"1":6,"2":0},"f":{"0":6,"1":0},"b":{},"_coverageSchema":"1a1c01bbd47fc00a2c39e90264f33305004495a9","hash":"4fbcc49c43e09d30e73d806059d4095d5c49f27b"}
,"/Users/jametevia/rpt/reviews/Client/src/Components/stars.js": {"path":"/Users/jametevia/rpt/reviews/Client/src/Components/stars.js","statementMap":{"0":{"start":{"line":4,"column":21},"end":{"line":10,"column":3}},"1":{"start":{"line":12,"column":2},"end":{"line":27,"column":4}}},"fnMap":{"0":{"name":"stars","decl":{"start":{"line":3,"column":9},"end":{"line":3,"column":14}},"loc":{"start":{"line":3,"column":22},"end":{"line":28,"column":1}},"line":3}},"branchMap":{},"s":{"0":13,"1":13},"f":{"0":13},"b":{},"_coverageSchema":"1a1c01bbd47fc00a2c39e90264f33305004495a9","hash":"977ba470a8ed300908299a68fa143357471de3e7"}
,"/Users/jametevia/rpt/reviews/Client/src/Components/user.js": {"path":"/Users/jametevia/rpt/reviews/Client/src/Components/user.js","statementMap":{"0":{"start":{"line":4,"column":13},"end":{"line":19,"column":1}},"1":{"start":{"line":5,"column":15},"end":{"line":5,"column":49}},"2":{"start":{"line":6,"column":16},"end":{"line":6,"column":33}},"3":{"start":{"line":7,"column":21},"end":{"line":7,"column":41}},"4":{"start":{"line":8,"column":20},"end":{"line":8,"column":41}},"5":{"start":{"line":9,"column":21},"end":{"line":9,"column":75}},"6":{"start":{"line":10,"column":2},"end":{"line":18,"column":3}}},"fnMap":{"0":{"name":"(anonymous_0)","decl":{"start":{"line":4,"column":13},"end":{"line":4,"column":14}},"loc":{"start":{"line":4,"column":24},"end":{"line":19,"column":1}},"line":4}},"branchMap":{},"s":{"0":3,"1":13,"2":13,"3":13,"4":13,"5":13,"6":13},"f":{"0":13},"b":{},"_coverageSchema":"1a1c01bbd47fc00a2c39e90264f33305004495a9","hash":"84714b930ecef5f51e48430b7fc075a31ae8ba18"}
}
