{"/Users/jametevia/rpt/reviews/Client/Tests/mockSuccessAjax.js": {"path":"/Users/jametevia/rpt/reviews/Client/Tests/mockSuccessAjax.js","statementMap":{"0":{"start":{"line":3,"column":24},"end":{"line":25,"column":1}},"1":{"start":{"line":4,"column":19},"end":{"line":4,"column":21}},"2":{"start":{"line":5,"column":8},"end":{"line":16,"column":9}},"3":{"start":{"line":5,"column":21},"end":{"line":5,"column":22}},"4":{"start":{"line":6,"column":27},"end":{"line":6,"column":55}},"5":{"start":{"line":7,"column":25},"end":{"line":7,"column":48}},"6":{"start":{"line":8,"column":10},"end":{"line":8,"column":36}},"7":{"start":{"line":9,"column":10},"end":{"line":9,"column":33}},"8":{"start":{"line":11,"column":10},"end":{"line":15,"column":11}},"9":{"start":{"line":12,"column":12},"end":{"line":12,"column":49}},"10":{"start":{"line":13,"column":17},"end":{"line":15,"column":11}},"11":{"start":{"line":14,"column":12},"end":{"line":14,"column":29}},"12":{"start":{"line":19,"column":8},"end":{"line":23,"column":9}},"13":{"start":{"line":19,"column":21},"end":{"line":19,"column":22}},"14":{"start":{"line":20,"column":10},"end":{"line":22,"column":12}},"15":{"start":{"line":21,"column":12},"end":{"line":21,"column":51}},"16":{"start":{"line":24,"column":8},"end":{"line":24,"column":20}}},"fnMap":{"0":{"name":"(anonymous_0)","decl":{"start":{"line":3,"column":24},"end":{"line":3,"column":25}},"loc":{"start":{"line":3,"column":34},"end":{"line":25,"column":1}},"line":3},"1":{"name":"(anonymous_1)","decl":{"start":{"line":20,"column":20},"end":{"line":20,"column":21}},"loc":{"start":{"line":20,"column":30},"end":{"line":22,"column":11}},"line":20}},"branchMap":{"0":{"loc":{"start":{"line":11,"column":10},"end":{"line":15,"column":11}},"type":"if","locations":[{"start":{"line":11,"column":10},"end":{"line":15,"column":11}},{"start":{"line":11,"column":10},"end":{"line":15,"column":11}}],"line":11},"1":{"loc":{"start":{"line":13,"column":17},"end":{"line":15,"column":11}},"type":"if","locations":[{"start":{"line":13,"column":17},"end":{"line":15,"column":11}},{"start":{"line":13,"column":17},"end":{"line":15,"column":11}}],"line":13}},"s":{"0":8,"1":10,"2":10,"3":10,"4":110,"5":110,"6":110,"7":110,"8":110,"9":110,"10":0,"11":0,"12":10,"13":10,"14":110,"15":2455,"16":10},"f":{"0":10,"1":2455},"b":{"0":[110,0],"1":[0,0]},"_coverageSchema":"1a1c01bbd47fc00a2c39e90264f33305004495a9","hash":"2d9b4dd3f061a041c54e0db0c7bc58da23cd4604"}
,"/Users/jametevia/rpt/reviews/Client/Tests/styleMock.js": {"path":"/Users/jametevia/rpt/reviews/Client/Tests/styleMock.js","statementMap":{"0":{"start":{"line":1,"column":0},"end":{"line":1,"column":20}}},"fnMap":{},"branchMap":{},"s":{"0":2},"f":{},"b":{},"_coverageSchema":"1a1c01bbd47fc00a2c39e90264f33305004495a9","hash":"533b451af457032abe3a769a0cb8309933ad856c"}
,"/Users/jametevia/rpt/reviews/Client/src/Components/App.js": {"path":"/Users/jametevia/rpt/reviews/Client/src/Components/App.js","statementMap":{"0":{"start":{"line":13,"column":4},"end":{"line":13,"column":17}},"1":{"start":{"line":14,"column":4},"end":{"line":14,"column":205}},"2":{"start":{"line":15,"column":4},"end":{"line":15,"column":53}},"3":{"start":{"line":17,"column":4},"end":{"line":17,"column":51}},"4":{"start":{"line":18,"column":4},"end":{"line":18,"column":45}},"5":{"start":{"line":19,"column":4},"end":{"line":19,"column":59}},"6":{"start":{"line":20,"column":4},"end":{"line":20,"column":57}},"7":{"start":{"line":21,"column":4},"end":{"line":21,"column":81}},"8":{"start":{"line":22,"column":4},"end":{"line":22,"column":89}},"9":{"start":{"line":26,"column":21},"end":{"line":26,"column":48}},"10":{"start":{"line":27,"column":4},"end":{"line":33,"column":5}},"11":{"start":{"line":27,"column":17},"end":{"line":27,"column":18}},"12":{"start":{"line":28,"column":6},"end":{"line":32,"column":7}},"13":{"start":{"line":29,"column":8},"end":{"line":29,"column":51}},"14":{"start":{"line":30,"column":8},"end":{"line":30,"column":57}},"15":{"start":{"line":31,"column":8},"end":{"line":31,"column":56}},"16":{"start":{"line":34,"column":4},"end":{"line":34,"column":41}},"17":{"start":{"line":38,"column":4},"end":{"line":38,"column":20}},"18":{"start":{"line":39,"column":21},"end":{"line":39,"column":48}},"19":{"start":{"line":40,"column":4},"end":{"line":46,"column":5}},"20":{"start":{"line":40,"column":17},"end":{"line":40,"column":18}},"21":{"start":{"line":41,"column":6},"end":{"line":45,"column":7}},"22":{"start":{"line":42,"column":8},"end":{"line":42,"column":61}},"23":{"start":{"line":43,"column":8},"end":{"line":43,"column":47}},"24":{"start":{"line":44,"column":8},"end":{"line":44,"column":57}},"25":{"start":{"line":47,"column":4},"end":{"line":47,"column":41}},"26":{"start":{"line":51,"column":4},"end":{"line":51,"column":58}},"27":{"start":{"line":52,"column":4},"end":{"line":52,"column":37}},"28":{"start":{"line":53,"column":4},"end":{"line":59,"column":5}},"29":{"start":{"line":53,"column":17},"end":{"line":53,"column":18}},"30":{"start":{"line":54,"column":6},"end":{"line":58,"column":7}},"31":{"start":{"line":55,"column":8},"end":{"line":55,"column":45}},"32":{"start":{"line":57,"column":8},"end":{"line":57,"column":46}},"33":{"start":{"line":63,"column":4},"end":{"line":63,"column":74}},"34":{"start":{"line":64,"column":4},"end":{"line":64,"column":37}},"35":{"start":{"line":65,"column":4},"end":{"line":71,"column":5}},"36":{"start":{"line":65,"column":17},"end":{"line":65,"column":18}},"37":{"start":{"line":66,"column":6},"end":{"line":70,"column":7}},"38":{"start":{"line":67,"column":8},"end":{"line":67,"column":45}},"39":{"start":{"line":69,"column":8},"end":{"line":69,"column":46}},"40":{"start":{"line":75,"column":22},"end":{"line":75,"column":49}},"41":{"start":{"line":76,"column":4},"end":{"line":76,"column":46}},"42":{"start":{"line":80,"column":4},"end":{"line":80,"column":37}},"43":{"start":{"line":81,"column":4},"end":{"line":89,"column":5}},"44":{"start":{"line":82,"column":20},"end":{"line":82,"column":47}},"45":{"start":{"line":83,"column":6},"end":{"line":87,"column":7}},"46":{"start":{"line":83,"column":19},"end":{"line":83,"column":20}},"47":{"start":{"line":84,"column":8},"end":{"line":86,"column":10}},"48":{"start":{"line":85,"column":10},"end":{"line":85,"column":49}},"49":{"start":{"line":88,"column":6},"end":{"line":88,"column":42}},"50":{"start":{"line":90,"column":5},"end":{"line":98,"column":5}},"51":{"start":{"line":91,"column":20},"end":{"line":91,"column":47}},"52":{"start":{"line":92,"column":6},"end":{"line":96,"column":7}},"53":{"start":{"line":92,"column":19},"end":{"line":92,"column":20}},"54":{"start":{"line":93,"column":8},"end":{"line":95,"column":10}},"55":{"start":{"line":94,"column":10},"end":{"line":94,"column":57}},"56":{"start":{"line":97,"column":6},"end":{"line":97,"column":42}},"57":{"start":{"line":100,"column":4},"end":{"line":110,"column":5}},"58":{"start":{"line":101,"column":20},"end":{"line":101,"column":47}},"59":{"start":{"line":102,"column":6},"end":{"line":108,"column":7}},"60":{"start":{"line":102,"column":19},"end":{"line":102,"column":20}},"61":{"start":{"line":103,"column":8},"end":{"line":107,"column":9}},"62":{"start":{"line":104,"column":10},"end":{"line":104,"column":36}},"63":{"start":{"line":106,"column":10},"end":{"line":106,"column":37}},"64":{"start":{"line":109,"column":6},"end":{"line":109,"column":42}},"65":{"start":{"line":111,"column":5},"end":{"line":122,"column":5}},"66":{"start":{"line":112,"column":20},"end":{"line":112,"column":47}},"67":{"start":{"line":113,"column":6},"end":{"line":119,"column":7}},"68":{"start":{"line":113,"column":19},"end":{"line":113,"column":20}},"69":{"start":{"line":114,"column":8},"end":{"line":118,"column":9}},"70":{"start":{"line":115,"column":10},"end":{"line":115,"column":36}},"71":{"start":{"line":117,"column":10},"end":{"line":117,"column":37}},"72":{"start":{"line":120,"column":6},"end":{"line":120,"column":42}},"73":{"start":{"line":123,"column":5},"end":{"line":134,"column":5}},"74":{"start":{"line":124,"column":20},"end":{"line":124,"column":47}},"75":{"start":{"line":125,"column":6},"end":{"line":131,"column":7}},"76":{"start":{"line":125,"column":19},"end":{"line":125,"column":20}},"77":{"start":{"line":126,"column":8},"end":{"line":130,"column":9}},"78":{"start":{"line":127,"column":10},"end":{"line":127,"column":36}},"79":{"start":{"line":129,"column":10},"end":{"line":129,"column":37}},"80":{"start":{"line":132,"column":6},"end":{"line":132,"column":42}},"81":{"start":{"line":135,"column":5},"end":{"line":146,"column":5}},"82":{"start":{"line":136,"column":20},"end":{"line":136,"column":47}},"83":{"start":{"line":137,"column":6},"end":{"line":143,"column":7}},"84":{"start":{"line":137,"column":19},"end":{"line":137,"column":20}},"85":{"start":{"line":138,"column":8},"end":{"line":142,"column":9}},"86":{"start":{"line":139,"column":10},"end":{"line":139,"column":36}},"87":{"start":{"line":141,"column":10},"end":{"line":141,"column":37}},"88":{"start":{"line":144,"column":6},"end":{"line":144,"column":42}},"89":{"start":{"line":147,"column":5},"end":{"line":158,"column":5}},"90":{"start":{"line":148,"column":20},"end":{"line":148,"column":47}},"91":{"start":{"line":149,"column":6},"end":{"line":155,"column":7}},"92":{"start":{"line":149,"column":19},"end":{"line":149,"column":20}},"93":{"start":{"line":150,"column":8},"end":{"line":154,"column":9}},"94":{"start":{"line":151,"column":10},"end":{"line":151,"column":36}},"95":{"start":{"line":153,"column":10},"end":{"line":153,"column":37}},"96":{"start":{"line":156,"column":6},"end":{"line":156,"column":42}},"97":{"start":{"line":159,"column":5},"end":{"line":165,"column":5}},"98":{"start":{"line":160,"column":20},"end":{"line":160,"column":47}},"99":{"start":{"line":161,"column":6},"end":{"line":163,"column":7}},"100":{"start":{"line":161,"column":19},"end":{"line":161,"column":20}},"101":{"start":{"line":162,"column":8},"end":{"line":162,"column":34}},"102":{"start":{"line":164,"column":6},"end":{"line":164,"column":42}},"103":{"start":{"line":169,"column":4},"end":{"line":199,"column":6}},"104":{"start":{"line":174,"column":25},"end":{"line":174,"column":27}},"105":{"start":{"line":175,"column":8},"end":{"line":186,"column":9}},"106":{"start":{"line":175,"column":21},"end":{"line":175,"column":22}},"107":{"start":{"line":176,"column":27},"end":{"line":176,"column":55}},"108":{"start":{"line":177,"column":25},"end":{"line":177,"column":48}},"109":{"start":{"line":178,"column":10},"end":{"line":178,"column":36}},"110":{"start":{"line":179,"column":10},"end":{"line":179,"column":33}},"111":{"start":{"line":181,"column":10},"end":{"line":185,"column":11}},"112":{"start":{"line":182,"column":12},"end":{"line":182,"column":49}},"113":{"start":{"line":183,"column":17},"end":{"line":185,"column":11}},"114":{"start":{"line":184,"column":12},"end":{"line":184,"column":29}},"115":{"start":{"line":189,"column":8},"end":{"line":193,"column":9}},"116":{"start":{"line":189,"column":21},"end":{"line":189,"column":22}},"117":{"start":{"line":190,"column":10},"end":{"line":192,"column":12}},"118":{"start":{"line":191,"column":12},"end":{"line":191,"column":51}},"119":{"start":{"line":194,"column":8},"end":{"line":194,"column":39}},"120":{"start":{"line":197,"column":8},"end":{"line":197,"column":36}},"121":{"start":{"line":204,"column":4},"end":{"line":204,"column":24}},"122":{"start":{"line":207,"column":4},"end":{"line":221,"column":6}},"123":{"start":{"line":217,"column":53},"end":{"line":217,"column":68}}},"fnMap":{"0":{"name":"(anonymous_0)","decl":{"start":{"line":12,"column":2},"end":{"line":12,"column":3}},"loc":{"start":{"line":12,"column":21},"end":{"line":23,"column":3}},"line":12},"1":{"name":"(anonymous_1)","decl":{"start":{"line":25,"column":2},"end":{"line":25,"column":3}},"loc":{"start":{"line":25,"column":33},"end":{"line":35,"column":3}},"line":25},"2":{"name":"(anonymous_2)","decl":{"start":{"line":37,"column":2},"end":{"line":37,"column":3}},"loc":{"start":{"line":37,"column":37},"end":{"line":48,"column":3}},"line":37},"3":{"name":"(anonymous_3)","decl":{"start":{"line":50,"column":2},"end":{"line":50,"column":3}},"loc":{"start":{"line":50,"column":21},"end":{"line":60,"column":3}},"line":50},"4":{"name":"(anonymous_4)","decl":{"start":{"line":62,"column":2},"end":{"line":62,"column":3}},"loc":{"start":{"line":62,"column":20},"end":{"line":72,"column":3}},"line":62},"5":{"name":"(anonymous_5)","decl":{"start":{"line":74,"column":2},"end":{"line":74,"column":3}},"loc":{"start":{"line":74,"column":14},"end":{"line":77,"column":3}},"line":74},"6":{"name":"(anonymous_6)","decl":{"start":{"line":79,"column":2},"end":{"line":79,"column":3}},"loc":{"start":{"line":79,"column":18},"end":{"line":166,"column":3}},"line":79},"7":{"name":"(anonymous_7)","decl":{"start":{"line":84,"column":21},"end":{"line":84,"column":22}},"loc":{"start":{"line":84,"column":31},"end":{"line":86,"column":9}},"line":84},"8":{"name":"(anonymous_8)","decl":{"start":{"line":93,"column":21},"end":{"line":93,"column":22}},"loc":{"start":{"line":93,"column":31},"end":{"line":95,"column":9}},"line":93},"9":{"name":"(anonymous_9)","decl":{"start":{"line":168,"column":2},"end":{"line":168,"column":3}},"loc":{"start":{"line":168,"column":18},"end":{"line":200,"column":3}},"line":168},"10":{"name":"(anonymous_10)","decl":{"start":{"line":173,"column":15},"end":{"line":173,"column":16}},"loc":{"start":{"line":173,"column":25},"end":{"line":195,"column":7}},"line":173},"11":{"name":"(anonymous_11)","decl":{"start":{"line":190,"column":20},"end":{"line":190,"column":21}},"loc":{"start":{"line":190,"column":30},"end":{"line":192,"column":11}},"line":190},"12":{"name":"(anonymous_12)","decl":{"start":{"line":196,"column":13},"end":{"line":196,"column":14}},"loc":{"start":{"line":196,"column":24},"end":{"line":198,"column":7}},"line":196},"13":{"name":"(anonymous_13)","decl":{"start":{"line":203,"column":2},"end":{"line":203,"column":3}},"loc":{"start":{"line":203,"column":22},"end":{"line":205,"column":3}},"line":203},"14":{"name":"(anonymous_14)","decl":{"start":{"line":206,"column":2},"end":{"line":206,"column":3}},"loc":{"start":{"line":206,"column":11},"end":{"line":222,"column":3}},"line":206},"15":{"name":"(anonymous_15)","decl":{"start":{"line":217,"column":47},"end":{"line":217,"column":48}},"loc":{"start":{"line":217,"column":53},"end":{"line":217,"column":68}},"line":217}},"branchMap":{"0":{"loc":{"start":{"line":28,"column":6},"end":{"line":32,"column":7}},"type":"if","locations":[{"start":{"line":28,"column":6},"end":{"line":32,"column":7}},{"start":{"line":28,"column":6},"end":{"line":32,"column":7}}],"line":28},"1":{"loc":{"start":{"line":41,"column":6},"end":{"line":45,"column":7}},"type":"if","locations":[{"start":{"line":41,"column":6},"end":{"line":45,"column":7}},{"start":{"line":41,"column":6},"end":{"line":45,"column":7}}],"line":41},"2":{"loc":{"start":{"line":54,"column":6},"end":{"line":58,"column":7}},"type":"if","locations":[{"start":{"line":54,"column":6},"end":{"line":58,"column":7}},{"start":{"line":54,"column":6},"end":{"line":58,"column":7}}],"line":54},"3":{"loc":{"start":{"line":66,"column":6},"end":{"line":70,"column":7}},"type":"if","locations":[{"start":{"line":66,"column":6},"end":{"line":70,"column":7}},{"start":{"line":66,"column":6},"end":{"line":70,"column":7}}],"line":66},"4":{"loc":{"start":{"line":81,"column":4},"end":{"line":89,"column":5}},"type":"if","locations":[{"start":{"line":81,"column":4},"end":{"line":89,"column":5}},{"start":{"line":81,"column":4},"end":{"line":89,"column":5}}],"line":81},"5":{"loc":{"start":{"line":90,"column":5},"end":{"line":98,"column":5}},"type":"if","locations":[{"start":{"line":90,"column":5},"end":{"line":98,"column":5}},{"start":{"line":90,"column":5},"end":{"line":98,"column":5}}],"line":90},"6":{"loc":{"start":{"line":100,"column":4},"end":{"line":110,"column":5}},"type":"if","locations":[{"start":{"line":100,"column":4},"end":{"line":110,"column":5}},{"start":{"line":100,"column":4},"end":{"line":110,"column":5}}],"line":100},"7":{"loc":{"start":{"line":103,"column":8},"end":{"line":107,"column":9}},"type":"if","locations":[{"start":{"line":103,"column":8},"end":{"line":107,"column":9}},{"start":{"line":103,"column":8},"end":{"line":107,"column":9}}],"line":103},"8":{"loc":{"start":{"line":111,"column":5},"end":{"line":122,"column":5}},"type":"if","locations":[{"start":{"line":111,"column":5},"end":{"line":122,"column":5}},{"start":{"line":111,"column":5},"end":{"line":122,"column":5}}],"line":111},"9":{"loc":{"start":{"line":114,"column":8},"end":{"line":118,"column":9}},"type":"if","locations":[{"start":{"line":114,"column":8},"end":{"line":118,"column":9}},{"start":{"line":114,"column":8},"end":{"line":118,"column":9}}],"line":114},"10":{"loc":{"start":{"line":123,"column":5},"end":{"line":134,"column":5}},"type":"if","locations":[{"start":{"line":123,"column":5},"end":{"line":134,"column":5}},{"start":{"line":123,"column":5},"end":{"line":134,"column":5}}],"line":123},"11":{"loc":{"start":{"line":126,"column":8},"end":{"line":130,"column":9}},"type":"if","locations":[{"start":{"line":126,"column":8},"end":{"line":130,"column":9}},{"start":{"line":126,"column":8},"end":{"line":130,"column":9}}],"line":126},"12":{"loc":{"start":{"line":135,"column":5},"end":{"line":146,"column":5}},"type":"if","locations":[{"start":{"line":135,"column":5},"end":{"line":146,"column":5}},{"start":{"line":135,"column":5},"end":{"line":146,"column":5}}],"line":135},"13":{"loc":{"start":{"line":138,"column":8},"end":{"line":142,"column":9}},"type":"if","locations":[{"start":{"line":138,"column":8},"end":{"line":142,"column":9}},{"start":{"line":138,"column":8},"end":{"line":142,"column":9}}],"line":138},"14":{"loc":{"start":{"line":147,"column":5},"end":{"line":158,"column":5}},"type":"if","locations":[{"start":{"line":147,"column":5},"end":{"line":158,"column":5}},{"start":{"line":147,"column":5},"end":{"line":158,"column":5}}],"line":147},"15":{"loc":{"start":{"line":150,"column":8},"end":{"line":154,"column":9}},"type":"if","locations":[{"start":{"line":150,"column":8},"end":{"line":154,"column":9}},{"start":{"line":150,"column":8},"end":{"line":154,"column":9}}],"line":150},"16":{"loc":{"start":{"line":159,"column":5},"end":{"line":165,"column":5}},"type":"if","locations":[{"start":{"line":159,"column":5},"end":{"line":165,"column":5}},{"start":{"line":159,"column":5},"end":{"line":165,"column":5}}],"line":159},"17":{"loc":{"start":{"line":181,"column":10},"end":{"line":185,"column":11}},"type":"if","locations":[{"start":{"line":181,"column":10},"end":{"line":185,"column":11}},{"start":{"line":181,"column":10},"end":{"line":185,"column":11}}],"line":181},"18":{"loc":{"start":{"line":183,"column":17},"end":{"line":185,"column":11}},"type":"if","locations":[{"start":{"line":183,"column":17},"end":{"line":185,"column":11}},{"start":{"line":183,"column":17},"end":{"line":185,"column":11}}],"line":183}},"s":{"0":9,"1":9,"2":9,"3":9,"4":9,"5":9,"6":9,"7":9,"8":9,"9":0,"10":0,"11":0,"12":0,"13":0,"14":0,"15":0,"16":0,"17":0,"18":0,"19":0,"20":0,"21":0,"22":0,"23":0,"24":0,"25":0,"26":0,"27":0,"28":0,"29":0,"30":0,"31":0,"32":0,"33":0,"34":0,"35":0,"36":0,"37":0,"38":0,"39":0,"40":0,"41":0,"42":0,"43":0,"44":0,"45":0,"46":0,"47":0,"48":0,"49":0,"50":0,"51":0,"52":0,"53":0,"54":0,"55":0,"56":0,"57":0,"58":0,"59":0,"60":0,"61":0,"62":0,"63":0,"64":0,"65":0,"66":0,"67":0,"68":0,"69":0,"70":0,"71":0,"72":0,"73":0,"74":0,"75":0,"76":0,"77":0,"78":0,"79":0,"80":0,"81":0,"82":0,"83":0,"84":0,"85":0,"86":0,"87":0,"88":0,"89":0,"90":0,"91":0,"92":0,"93":0,"94":0,"95":0,"96":0,"97":0,"98":0,"99":0,"100":0,"101":0,"102":0,"103":0,"104":0,"105":0,"106":0,"107":0,"108":0,"109":0,"110":0,"111":0,"112":0,"113":0,"114":0,"115":0,"116":0,"117":0,"118":0,"119":0,"120":0,"121":9,"122":11,"123":1},"f":{"0":9,"1":0,"2":0,"3":0,"4":0,"5":0,"6":0,"7":0,"8":0,"9":0,"10":0,"11":0,"12":0,"13":9,"14":11,"15":1},"b":{"0":[0,0],"1":[0,0],"2":[0,0],"3":[0,0],"4":[0,0],"5":[0,0],"6":[0,0],"7":[0,0],"8":[0,0],"9":[0,0],"10":[0,0],"11":[0,0],"12":[0,0],"13":[0,0],"14":[0,0],"15":[0,0],"16":[0,0],"17":[0,0],"18":[0,0]},"_coverageSchema":"1a1c01bbd47fc00a2c39e90264f33305004495a9","hash":"4811208d87dd7e08bd2b98b0f4c503b49edc5513"}
,"/Users/jametevia/rpt/reviews/Client/src/Components/filterBy.js": {"path":"/Users/jametevia/rpt/reviews/Client/src/Components/filterBy.js","statementMap":{"0":{"start":{"line":3,"column":17},"end":{"line":19,"column":1}},"1":{"start":{"line":6,"column":2},"end":{"line":18,"column":3}},"2":{"start":{"line":9,"column":62},"end":{"line":9,"column":82}}},"fnMap":{"0":{"name":"(anonymous_0)","decl":{"start":{"line":3,"column":17},"end":{"line":3,"column":18}},"loc":{"start":{"line":3,"column":28},"end":{"line":19,"column":1}},"line":3},"1":{"name":"(anonymous_1)","decl":{"start":{"line":9,"column":54},"end":{"line":9,"column":55}},"loc":{"start":{"line":9,"column":61},"end":{"line":9,"column":83}},"line":9}},"branchMap":{},"s":{"0":3,"1":9,"2":1},"f":{"0":9,"1":1},"b":{},"_coverageSchema":"1a1c01bbd47fc00a2c39e90264f33305004495a9","hash":"fdf57ebb06ac194a3c91f65972f80278cf0ef6d4"}
,"/Users/jametevia/rpt/reviews/Client/src/Components/nav.js": {"path":"/Users/jametevia/rpt/reviews/Client/src/Components/nav.js","statementMap":{"0":{"start":{"line":3,"column":12},"end":{"line":15,"column":1}},"1":{"start":{"line":4,"column":2},"end":{"line":14,"column":3}},"2":{"start":{"line":8,"column":59},"end":{"line":8,"column":81}},"3":{"start":{"line":9,"column":60},"end":{"line":9,"column":83}}},"fnMap":{"0":{"name":"(anonymous_0)","decl":{"start":{"line":3,"column":12},"end":{"line":3,"column":13}},"loc":{"start":{"line":3,"column":23},"end":{"line":15,"column":1}},"line":3},"1":{"name":"(anonymous_1)","decl":{"start":{"line":8,"column":52},"end":{"line":8,"column":53}},"loc":{"start":{"line":8,"column":58},"end":{"line":8,"column":82}},"line":8},"2":{"name":"(anonymous_2)","decl":{"start":{"line":9,"column":53},"end":{"line":9,"column":54}},"loc":{"start":{"line":9,"column":59},"end":{"line":9,"column":84}},"line":9}},"branchMap":{},"s":{"0":3,"1":8,"2":0,"3":0},"f":{"0":8,"1":0,"2":0},"b":{},"_coverageSchema":"1a1c01bbd47fc00a2c39e90264f33305004495a9","hash":"95fb8aed963a032d430cd57954a8f693a12b9619"}
,"/Users/jametevia/rpt/reviews/Client/src/Components/phoneUserInfo.js": {"path":"/Users/jametevia/rpt/reviews/Client/src/Components/phoneUserInfo.js","statementMap":{"0":{"start":{"line":4,"column":22},"end":{"line":17,"column":1}},"1":{"start":{"line":5,"column":15},"end":{"line":5,"column":49}},"2":{"start":{"line":6,"column":16},"end":{"line":6,"column":33}},"3":{"start":{"line":7,"column":21},"end":{"line":7,"column":41}},"4":{"start":{"line":8,"column":20},"end":{"line":8,"column":41}},"5":{"start":{"line":9,"column":21},"end":{"line":9,"column":75}},"6":{"start":{"line":10,"column":2},"end":{"line":16,"column":3}}},"fnMap":{"0":{"name":"(anonymous_0)","decl":{"start":{"line":4,"column":22},"end":{"line":4,"column":23}},"loc":{"start":{"line":4,"column":33},"end":{"line":17,"column":1}},"line":4}},"branchMap":{},"s":{"0":4,"1":11,"2":11,"3":11,"4":11,"5":11,"6":11},"f":{"0":11},"b":{},"_coverageSchema":"1a1c01bbd47fc00a2c39e90264f33305004495a9","hash":"74bece3d0d09eab41eb7b564b5cc569ddb77d0b0"}
,"/Users/jametevia/rpt/reviews/Client/src/Components/reviewBody.js": {"path":"/Users/jametevia/rpt/reviews/Client/src/Components/reviewBody.js","statementMap":{"0":{"start":{"line":8,"column":16},"end":{"line":8,"column":18}},"1":{"start":{"line":9,"column":2},"end":{"line":14,"column":3}},"2":{"start":{"line":9,"column":15},"end":{"line":9,"column":16}},"3":{"start":{"line":10,"column":23},"end":{"line":10,"column":39}},"4":{"start":{"line":11,"column":4},"end":{"line":13,"column":5}},"5":{"start":{"line":12,"column":6},"end":{"line":12,"column":33}},"6":{"start":{"line":15,"column":2},"end":{"line":15,"column":48}},"7":{"start":{"line":16,"column":22},"end":{"line":38,"column":1}},"8":{"start":{"line":17,"column":2},"end":{"line":37,"column":10}},"9":{"start":{"line":30,"column":92},"end":{"line":30,"column":125}},"10":{"start":{"line":31,"column":88},"end":{"line":31,"column":119}},"11":{"start":{"line":39,"column":2},"end":{"line":41,"column":4}}},"fnMap":{"0":{"name":"reviewBody","decl":{"start":{"line":7,"column":9},"end":{"line":7,"column":19}},"loc":{"start":{"line":7,"column":27},"end":{"line":42,"column":1}},"line":7},"1":{"name":"(anonymous_1)","decl":{"start":{"line":16,"column":34},"end":{"line":16,"column":35}},"loc":{"start":{"line":17,"column":2},"end":{"line":37,"column":10}},"line":17},"2":{"name":"(anonymous_2)","decl":{"start":{"line":30,"column":85},"end":{"line":30,"column":86}},"loc":{"start":{"line":30,"column":91},"end":{"line":30,"column":126}},"line":30},"3":{"name":"(anonymous_3)","decl":{"start":{"line":31,"column":81},"end":{"line":31,"column":82}},"loc":{"start":{"line":31,"column":87},"end":{"line":31,"column":120}},"line":31}},"branchMap":{"0":{"loc":{"start":{"line":11,"column":4},"end":{"line":13,"column":5}},"type":"if","locations":[{"start":{"line":11,"column":4},"end":{"line":13,"column":5}},{"start":{"line":11,"column":4},"end":{"line":13,"column":5}}],"line":11},"1":{"loc":{"start":{"line":27,"column":25},"end":{"line":27,"column":72}},"type":"binary-expr","locations":[{"start":{"line":27,"column":25},"end":{"line":27,"column":47}},{"start":{"line":27,"column":51},"end":{"line":27,"column":72}}],"line":27},"2":{"loc":{"start":{"line":30,"column":27},"end":{"line":30,"column":74}},"type":"binary-expr","locations":[{"start":{"line":30,"column":27},"end":{"line":30,"column":49}},{"start":{"line":30,"column":53},"end":{"line":30,"column":74}}],"line":30},"3":{"loc":{"start":{"line":31,"column":27},"end":{"line":31,"column":70}},"type":"binary-expr","locations":[{"start":{"line":31,"column":27},"end":{"line":31,"column":47}},{"start":{"line":31,"column":51},"end":{"line":31,"column":70}}],"line":31}},"s":{"0":11,"1":11,"2":11,"3":35,"4":35,"5":35,"6":11,"7":11,"8":34,"9":1,"10":1,"11":11},"f":{"0":11,"1":34,"2":1,"3":1},"b":{"0":[35,0],"1":[34,34],"2":[34,34],"3":[34,34]},"_coverageSchema":"1a1c01bbd47fc00a2c39e90264f33305004495a9","hash":"71e4e1ba038253355f26e67745e8e2bc67e3f663"}
,"/Users/jametevia/rpt/reviews/Client/src/Components/sortBy.js": {"path":"/Users/jametevia/rpt/reviews/Client/src/Components/sortBy.js","statementMap":{"0":{"start":{"line":3,"column":15},"end":{"line":15,"column":1}},"1":{"start":{"line":6,"column":2},"end":{"line":14,"column":3}},"2":{"start":{"line":9,"column":58},"end":{"line":9,"column":78}}},"fnMap":{"0":{"name":"(anonymous_0)","decl":{"start":{"line":3,"column":15},"end":{"line":3,"column":16}},"loc":{"start":{"line":3,"column":26},"end":{"line":15,"column":1}},"line":3},"1":{"name":"(anonymous_1)","decl":{"start":{"line":9,"column":50},"end":{"line":9,"column":51}},"loc":{"start":{"line":9,"column":57},"end":{"line":9,"column":79}},"line":9}},"branchMap":{},"s":{"0":3,"1":8,"2":1},"f":{"0":8,"1":1},"b":{},"_coverageSchema":"1a1c01bbd47fc00a2c39e90264f33305004495a9","hash":"4fbcc49c43e09d30e73d806059d4095d5c49f27b"}
,"/Users/jametevia/rpt/reviews/Client/src/Components/stars.js": {"path":"/Users/jametevia/rpt/reviews/Client/src/Components/stars.js","statementMap":{"0":{"start":{"line":4,"column":21},"end":{"line":10,"column":3}},"1":{"start":{"line":12,"column":2},"end":{"line":27,"column":4}}},"fnMap":{"0":{"name":"stars","decl":{"start":{"line":3,"column":9},"end":{"line":3,"column":14}},"loc":{"start":{"line":3,"column":22},"end":{"line":28,"column":1}},"line":3}},"branchMap":{},"s":{"0":13,"1":13},"f":{"0":13},"b":{},"_coverageSchema":"1a1c01bbd47fc00a2c39e90264f33305004495a9","hash":"977ba470a8ed300908299a68fa143357471de3e7"}
,"/Users/jametevia/rpt/reviews/Client/src/Components/user.js": {"path":"/Users/jametevia/rpt/reviews/Client/src/Components/user.js","statementMap":{"0":{"start":{"line":4,"column":13},"end":{"line":19,"column":1}},"1":{"start":{"line":5,"column":15},"end":{"line":5,"column":49}},"2":{"start":{"line":6,"column":16},"end":{"line":6,"column":33}},"3":{"start":{"line":7,"column":21},"end":{"line":7,"column":41}},"4":{"start":{"line":8,"column":20},"end":{"line":8,"column":41}},"5":{"start":{"line":9,"column":21},"end":{"line":9,"column":75}},"6":{"start":{"line":10,"column":2},"end":{"line":18,"column":3}}},"fnMap":{"0":{"name":"(anonymous_0)","decl":{"start":{"line":4,"column":13},"end":{"line":4,"column":14}},"loc":{"start":{"line":4,"column":24},"end":{"line":19,"column":1}},"line":4}},"branchMap":{},"s":{"0":4,"1":12,"2":12,"3":12,"4":12,"5":12,"6":12},"f":{"0":12},"b":{},"_coverageSchema":"1a1c01bbd47fc00a2c39e90264f33305004495a9","hash":"84714b930ecef5f51e48430b7fc075a31ae8ba18"}
}
