TN:
SF:Client/Tests/mockSuccessAjax.js
FN:3,(anonymous_0)
FN:20,(anonymous_1)
FNF:2
FNH:2
FNDA:10,(anonymous_0)
FNDA:2455,(anonymous_1)
DA:3,8
DA:4,10
DA:5,10
DA:6,110
DA:7,110
DA:8,110
DA:9,110
DA:11,110
DA:12,110
DA:13,0
DA:14,0
DA:19,10
DA:20,110
DA:21,2455
DA:24,10
LF:15
LH:13
BRDA:11,0,0,110
BRDA:11,0,1,0
BRDA:13,1,0,0
BRDA:13,1,1,0
BRF:4
BRH:1
end_of_record
TN:
SF:Client/Tests/styleMock.js
FNF:0
FNH:0
DA:1,2
LF:1
LH:1
BRF:0
BRH:0
end_of_record
TN:
SF:Client/src/Components/App.js
FN:12,(anonymous_0)
FN:25,(anonymous_1)
FN:37,(anonymous_2)
FN:50,(anonymous_3)
FN:62,(anonymous_4)
FN:74,(anonymous_5)
FN:79,(anonymous_6)
FN:84,(anonymous_7)
FN:93,(anonymous_8)
FN:168,(anonymous_9)
FN:173,(anonymous_10)
FN:190,(anonymous_11)
FN:196,(anonymous_12)
FN:203,(anonymous_13)
FN:206,(anonymous_14)
FN:217,(anonymous_15)
FNF:16
FNH:4
FNDA:9,(anonymous_0)
FNDA:0,(anonymous_1)
FNDA:0,(anonymous_2)
FNDA:0,(anonymous_3)
FNDA:0,(anonymous_4)
FNDA:0,(anonymous_5)
FNDA:0,(anonymous_6)
FNDA:0,(anonymous_7)
FNDA:0,(anonymous_8)
FNDA:0,(anonymous_9)
FNDA:0,(anonymous_10)
FNDA:0,(anonymous_11)
FNDA:0,(anonymous_12)
FNDA:9,(anonymous_13)
FNDA:11,(anonymous_14)
FNDA:1,(anonymous_15)
DA:13,9
DA:14,9
DA:15,9
DA:17,9
DA:18,9
DA:19,9
DA:20,9
DA:21,9
DA:22,9
DA:26,0
DA:27,0
DA:28,0
DA:29,0
DA:30,0
DA:31,0
DA:34,0
DA:38,0
DA:39,0
DA:40,0
DA:41,0
DA:42,0
DA:43,0
DA:44,0
DA:47,0
DA:51,0
DA:52,0
DA:53,0
DA:54,0
DA:55,0
DA:57,0
DA:63,0
DA:64,0
DA:65,0
DA:66,0
DA:67,0
DA:69,0
DA:75,0
DA:76,0
DA:80,0
DA:81,0
DA:82,0
DA:83,0
DA:84,0
DA:85,0
DA:88,0
DA:90,0
DA:91,0
DA:92,0
DA:93,0
DA:94,0
DA:97,0
DA:100,0
DA:101,0
DA:102,0
DA:103,0
DA:104,0
DA:106,0
DA:109,0
DA:111,0
DA:112,0
DA:113,0
DA:114,0
DA:115,0
DA:117,0
DA:120,0
DA:123,0
DA:124,0
DA:125,0
DA:126,0
DA:127,0
DA:129,0
DA:132,0
DA:135,0
DA:136,0
DA:137,0
DA:138,0
DA:139,0
DA:141,0
DA:144,0
DA:147,0
DA:148,0
DA:149,0
DA:150,0
DA:151,0
DA:153,0
DA:156,0
DA:159,0
DA:160,0
DA:161,0
DA:162,0
DA:164,0
DA:169,0
DA:174,0
DA:175,0
DA:176,0
DA:177,0
DA:178,0
DA:179,0
DA:181,0
DA:182,0
DA:183,0
DA:184,0
DA:189,0
DA:190,0
DA:191,0
DA:194,0
DA:197,0
DA:204,9
DA:207,11
DA:217,1
LF:110
LH:12
BRDA:28,0,0,0
BRDA:28,0,1,0
BRDA:41,1,0,0
BRDA:41,1,1,0
BRDA:54,2,0,0
BRDA:54,2,1,0
BRDA:66,3,0,0
BRDA:66,3,1,0
BRDA:81,4,0,0
BRDA:81,4,1,0
BRDA:90,5,0,0
BRDA:90,5,1,0
BRDA:100,6,0,0
BRDA:100,6,1,0
BRDA:103,7,0,0
BRDA:103,7,1,0
BRDA:111,8,0,0
BRDA:111,8,1,0
BRDA:114,9,0,0
BRDA:114,9,1,0
BRDA:123,10,0,0
BRDA:123,10,1,0
BRDA:126,11,0,0
BRDA:126,11,1,0
BRDA:135,12,0,0
BRDA:135,12,1,0
BRDA:138,13,0,0
BRDA:138,13,1,0
BRDA:147,14,0,0
BRDA:147,14,1,0
BRDA:150,15,0,0
BRDA:150,15,1,0
BRDA:159,16,0,0
BRDA:159,16,1,0
BRDA:181,17,0,0
BRDA:181,17,1,0
BRDA:183,18,0,0
BRDA:183,18,1,0
BRF:38
BRH:0
end_of_record
TN:
SF:Client/src/Components/filterBy.js
FN:3,(anonymous_0)
FN:9,(anonymous_1)
FNF:2
FNH:2
FNDA:9,(anonymous_0)
FNDA:1,(anonymous_1)
DA:3,3
DA:6,9
DA:9,1
LF:3
LH:3
BRF:0
BRH:0
end_of_record
TN:
SF:Client/src/Components/nav.js
FN:3,(anonymous_0)
FN:8,(anonymous_1)
FN:9,(anonymous_2)
FNF:3
FNH:1
FNDA:8,(anonymous_0)
FNDA:0,(anonymous_1)
FNDA:0,(anonymous_2)
DA:3,3
DA:4,8
DA:8,0
DA:9,0
LF:4
LH:2
BRF:0
BRH:0
end_of_record
TN:
SF:Client/src/Components/phoneUserInfo.js
FN:4,(anonymous_0)
FNF:1
FNH:1
FNDA:11,(anonymous_0)
DA:4,4
DA:5,11
DA:6,11
DA:7,11
DA:8,11
DA:9,11
DA:10,11
LF:7
LH:7
BRF:0
BRH:0
end_of_record
TN:
SF:Client/src/Components/reviewBody.js
FN:7,reviewBody
FN:16,(anonymous_1)
FN:30,(anonymous_2)
FN:31,(anonymous_3)
FNF:4
FNH:4
FNDA:11,reviewBody
FNDA:34,(anonymous_1)
FNDA:1,(anonymous_2)
FNDA:1,(anonymous_3)
DA:8,11
DA:9,11
DA:10,35
DA:11,35
DA:12,35
DA:15,11
DA:16,11
DA:17,34
DA:30,1
DA:31,1
DA:39,11
LF:11
LH:11
BRDA:11,0,0,35
BRDA:11,0,1,0
BRDA:27,1,0,34
BRDA:27,1,1,34
BRDA:30,2,0,34
BRDA:30,2,1,34
BRDA:31,3,0,34
BRDA:31,3,1,34
BRF:8
BRH:7
end_of_record
TN:
SF:Client/src/Components/sortBy.js
FN:3,(anonymous_0)
FN:9,(anonymous_1)
FNF:2
FNH:2
FNDA:8,(anonymous_0)
FNDA:1,(anonymous_1)
DA:3,3
DA:6,8
DA:9,1
LF:3
LH:3
BRF:0
BRH:0
end_of_record
TN:
SF:Client/src/Components/stars.js
FN:3,stars
FNF:1
FNH:1
FNDA:13,stars
DA:4,13
DA:12,13
LF:2
LH:2
BRF:0
BRH:0
end_of_record
TN:
SF:Client/src/Components/user.js
FN:4,(anonymous_0)
FNF:1
FNH:1
FNDA:12,(anonymous_0)
DA:4,4
DA:5,12
DA:6,12
DA:7,12
DA:8,12
DA:9,12
DA:10,12
LF:7
LH:7
BRF:0
BRH:0
end_of_record
